Args in experiment:
[1mBasic Config[0m
  Task Name:          causal_forecast     Is Training:        1                   
  Model ID:           Exchange_96_192     Model:              iTransformer        

[1mData Loader[0m
  Data:               customc             Root Path:          ./dataset/exchange_rate/
  Data Path:          exchange_rate.csv   Features:           MS                  
  Target:             OT                  Freq:               h                   
  Checkpoints:        ./checkpoints/      

[1mModel Parameters[0m
  Top k:              5                   Num Kernels:        6                   
  Enc In:             8                   Dec In:             8                   
  C Out:              8                   d model:            512                 
  n heads:            8                   e layers:           3                   
  d layers:           1                   d FF:               2048                
  Moving Avg:         25                  Factor:             3                   
  Distil:             1                   Dropout:            0.1                 
  Embed:              timeF               Activation:         gelu                
  Output Attention:   0                   

[1mRun Parameters[0m
  Num Workers:        4                   Itr:                1                   
  Train Epochs:       2                   Batch Size:         32                  
  Patience:           5                   Learning Rate:      0.0001              
  Des:                Exp_s2023_K1        Loss:               MSE                 
  Lradj:              type3               Use Amp:            0                   

[1mGPU[0m
  Use GPU:            1                   GPU:                0                   
  Use Multi GPU:      0                   Devices:            0,1,2,3             

[1mDe-stationary Projector Params[0m
  P Hidden Dims:      128, 128            P Hidden Layers:    2                   

Use GPU: cuda:0
Exp Causal Forecast-Model: Dual Space Surrogate Wrapper v2_f (精简损失: loss_observed + loss_x_surrogate + 0.1*loss_align + 0.1*loss_suf)
>>>>>>>start training : causal_forecast_Exchange_96_192_iTransformer_customc_ftMS_sl96_ll48_pl192_dm512_nh8_el3_dl1_df2048_fc3_ebtimeF_dtTrue_Exp_s2023_K1_0>>>>>>>>>>>>>>>>>>>>>>>>>>
train 5024
val 569
test 1326
	iters: 50, epoch: 1 | 联合总Loss: 0.9764218 | 观测Loss: 0.2860764
	speed: 0.1936s/iter; 预计训练剩余总时间: 51.3018s
	当前Batch不变量最大注意力索引矩阵:
	 [10 26 29 94 77  5 93  0]
	[诊断] 批级路由熵=-0.000 逐样本路由熵=-0.000 | P_e=[1.] | IRN残差std=2.004 | projY_std=0.291 | 对齐MSE=0.1845
	iters: 100, epoch: 1 | 联合总Loss: 0.8362063 | 观测Loss: 0.1297881
	speed: 0.2496s/iter; 预计训练剩余总时间: 53.6672s
	当前Batch不变量最大注意力索引矩阵:
	 [10 26 29 94 77  5 93  0]
	[诊断] 批级路由熵=-0.000 逐样本路由熵=-0.000 | P_e=[1.] | IRN残差std=2.084 | projY_std=0.324 | 对齐MSE=0.1667
	iters: 150, epoch: 1 | 联合总Loss: 1.0212128 | 观测Loss: 0.2976535
	speed: 0.2418s/iter; 预计训练剩余总时间: 39.8976s
	当前Batch不变量最大注意力索引矩阵:
	 [10 26 29 94 77  5 93  0]
	[诊断] 批级路由熵=-0.000 逐样本路由熵=-0.000 | P_e=[1.] | IRN残差std=2.045 | projY_std=0.420 | 对齐MSE=0.1618
Epoch: 1 耗时总长: 35.85969638824463
Epoch: 1, Steps: 157 | 综合训练Loss: 0.9895267 | 验证集Loss: 0.2966848 | 测试集Loss: 0.2096922
  [诊断·分项损失] observed=0.27458 x_sur=0.12947 suf=4.22688 align=1.62787
  [诊断·路由] 批级使用率熵(epoch均值)=0.000 逐样本熵=0.000 | 激活机制数=1/1 | 平均使用率 P_e=[1.]
    └─ 解读：批级高 + 逐样本低 = 健康特化(不同样本走不同机制)；两者都≈1 = 各样本均匀混合(环境条件化未特化)
  [诊断·Y代理] IRN残差std=2.0367 | projY_std(VICReg方差锚,目标1)=0.2730 | 闭环对齐MSE=0.1383
    └─ 解读：projY_std 应稳定≈1（坍缩<0.5→增大 --std_coeff）；IRN残差std≈O(1) 表示 Y 代理在学形状而非趋平凡。
  [诊断·告警] 路由熵偏低(0.000<0.5)，环境路由可能正在坍缩（单机制 num_regimes=1 时熵恒为 0，可忽略）
Validation loss decreased (inf --> 0.209692).  Saving model ...
Updating learning rate to 0.0001
	iters: 50, epoch: 2 | 联合总Loss: 0.8954755 | 观测Loss: 0.2765662
	speed: 3.6044s/iter; 预计训练剩余总时间: 389.2739s
	当前Batch不变量最大注意力索引矩阵:
	 [10 26 29 94 77  5 93  0]
	[诊断] 批级路由熵=-0.000 逐样本路由熵=-0.000 | P_e=[1.] | IRN残差std=1.927 | projY_std=0.399 | 对齐MSE=0.2052
	iters: 100, epoch: 2 | 联合总Loss: 0.9801385 | 观测Loss: 0.2140111
	speed: 0.2357s/iter; 预计训练剩余总时间: 13.6685s
	当前Batch不变量最大注意力索引矩阵:
	 [10 26 29 94 77  5 93  0]
	[诊断] 批级路由熵=-0.000 逐样本路由熵=-0.000 | P_e=[1.] | IRN残差std=2.187 | projY_std=0.343 | 对齐MSE=0.1574
	iters: 150, epoch: 2 | 联合总Loss: 0.7354590 | 观测Loss: 0.1616702
	speed: 0.2458s/iter; 预计训练剩余总时间: 1.9667s
	当前Batch不变量最大注意力索引矩阵:
	 [10 26 29 94 77  5 93  0]
	[诊断] 批级路由熵=-0.000 逐样本路由熵=-0.000 | P_e=[1.] | IRN残差std=1.730 | projY_std=0.392 | 对齐MSE=0.1850
Epoch: 2 耗时总长: 39.90427589416504
Epoch: 2, Steps: 157 | 综合训练Loss: 0.7920434 | 验证集Loss: 0.5279512 | 测试集Loss: 0.2395304
  [诊断·分项损失] observed=0.19268 x_sur=0.12581 suf=3.27305 align=1.46256
  [诊断·路由] 批级使用率熵(epoch均值)=0.000 逐样本熵=0.000 | 激活机制数=1/1 | 平均使用率 P_e=[1.]
    └─ 解读：批级高 + 逐样本低 = 健康特化(不同样本走不同机制)；两者都≈1 = 各样本均匀混合(环境条件化未特化)
  [诊断·Y代理] IRN残差std=1.7930 | projY_std(VICReg方差锚,目标1)=0.3968 | 闭环对齐MSE=0.1600
    └─ 解读：projY_std 应稳定≈1（坍缩<0.5→增大 --std_coeff）；IRN残差std≈O(1) 表示 Y 代理在学形状而非趋平凡。
  [诊断·告警] 路由熵偏低(0.000<0.5)，环境路由可能正在坍缩（单机制 num_regimes=1 时熵恒为 0，可忽略）
EarlyStopping counter: 1 out of 5
Updating learning rate to 0.0001
>>>>>>>testing : causal_forecast_Exchange_96_192_iTransformer_customc_ftMS_sl96_ll48_pl192_dm512_nh8_el3_dl1_df2048_fc3_ebtimeF_dtTrue_Exp_s2023_K1_0<<<<<<<<<<<<<<<<<<<<<<<<<<<<<<<<<
test 1326
真实环境基准校验测试集维度形态: (1326, 1, 192, 1) (1326, 1, 192, 1)
真实试验验证最终成效评估 >> MSE: 0.20969218015670776, MAE: 0.3448053002357483
  [诊断·测试期] 归一化路由熵=0.000 | P_e=[1.] | projY_std(VICReg方差锚)=0.1308
