Args in experiment:
[1mBasic Config[0m
  Task Name:          causal_forecast     Is Training:        1                   
  Model ID:           ILI_36_36           Model:              iTransformer        

[1mData Loader[0m
  Data:               customc             Root Path:          ./dataset/illness/  
  Data Path:          national_illness.csvFeatures:           MS                  
  Target:             OT                  Freq:               h                   
  Checkpoints:        ./checkpoints/      

[1mModel Parameters[0m
  Top k:              5                   Num Kernels:        6                   
  Enc In:             7                   Dec In:             7                   
  C Out:              7                   d model:            512                 
  n heads:            8                   e layers:           3                   
  d layers:           1                   d FF:               2048                
  Moving Avg:         25                  Factor:             3                   
  Distil:             1                   Dropout:            0.1                 
  Embed:              timeF               Activation:         gelu                
  Output Attention:   0                   

[1mRun Parameters[0m
  Num Workers:        4                   Itr:                1                   
  Train Epochs:       11                  Batch Size:         32                  
  Patience:           5                   Learning Rate:      0.0001              
  Des:                Exp_s2023_K4        Loss:               MSE                 
  Lradj:              type3               Use Amp:            0                   

[1mGPU[0m
  Use GPU:            1                   GPU:                0                   
  Use Multi GPU:      0                   Devices:            0,1,2,3             

[1mDe-stationary Projector Params[0m
  P Hidden Dims:      128, 128            P Hidden Layers:    2                   

Use GPU: cuda:0
Exp Causal Forecast-Model: Dual Space Surrogate Wrapper v2_f (精简损失: loss_observed + loss_x_surrogate + 0.1*loss_align + 0.1*loss_suf)
>>>>>>>start training : causal_forecast_ILI_36_36_iTransformer_customc_ftMS_sl36_ll18_pl36_dm512_nh8_el3_dl1_df2048_fc3_ebtimeF_dtTrue_Exp_s2023_K4_0>>>>>>>>>>>>>>>>>>>>>>>>>>
train 605
val 62
test 158
Epoch: 1 耗时总长: 2.4972152709960938
Epoch: 1, Steps: 18 | 综合训练Loss: 0.8505829 | 验证集Loss: 0.1680844 | 测试集Loss: 0.9702569
  [诊断·分项损失] observed=0.27011 x_sur=0.27768 suf=1.13380 align=1.89411
  [诊断·路由] 批级使用率熵(epoch均值)=0.990 逐样本熵=0.879 | 激活机制数=4/4 | 平均使用率 P_e=[0.244 0.219 0.302 0.235]
    └─ 解读：批级高 + 逐样本低 = 健康特化(不同样本走不同机制)；两者都≈1 = 各样本均匀混合(环境条件化未特化)
  [诊断·Y代理] IRN残差std=1.0593 | projY_std(VICReg方差锚,目标1)=0.0825 | 闭环对齐MSE=0.0870
    └─ 解读：projY_std 应稳定≈1（坍缩<0.5→增大 --std_coeff）；IRN残差std≈O(1) 表示 Y 代理在学形状而非趋平凡。
Validation loss decreased (inf --> 0.970257).  Saving model ...
Updating learning rate to 0.0001
Epoch: 2 耗时总长: 0.5778365135192871
Epoch: 2, Steps: 18 | 综合训练Loss: 0.6547935 | 验证集Loss: 0.1120585 | 测试集Loss: 0.8430247
  [诊断·分项损失] observed=0.18384 x_sur=0.21396 suf=0.75316 align=1.81682
  [诊断·路由] 批级使用率熵(epoch均值)=0.982 逐样本熵=0.811 | 激活机制数=4/4 | 平均使用率 P_e=[0.22  0.193 0.313 0.273]
    └─ 解读：批级高 + 逐样本低 = 健康特化(不同样本走不同机制)；两者都≈1 = 各样本均匀混合(环境条件化未特化)
  [诊断·Y代理] IRN残差std=0.8632 | projY_std(VICReg方差锚,目标1)=0.1324 | 闭环对齐MSE=0.0799
    └─ 解读：projY_std 应稳定≈1（坍缩<0.5→增大 --std_coeff）；IRN残差std≈O(1) 表示 Y 代理在学形状而非趋平凡。
Validation loss decreased (0.970257 --> 0.843025).  Saving model ...
Updating learning rate to 0.0001
Epoch: 3 耗时总长: 0.7474048137664795
Epoch: 3, Steps: 18 | 综合训练Loss: 0.5640905 | 验证集Loss: 0.0878264 | 测试集Loss: 0.7602414
  [诊断·分项损失] observed=0.13200 x_sur=0.20773 suf=0.50467 align=1.73895
  [诊断·路由] 批级使用率熵(epoch均值)=0.974 逐样本熵=0.782 | 激活机制数=4/4 | 平均使用率 P_e=[0.205 0.179 0.32  0.295]
    └─ 解读：批级高 + 逐样本低 = 健康特化(不同样本走不同机制)；两者都≈1 = 各样本均匀混合(环境条件化未特化)
  [诊断·Y代理] IRN残差std=0.7088 | projY_std(VICReg方差锚,目标1)=0.2003 | 闭环对齐MSE=0.0897
    └─ 解读：projY_std 应稳定≈1（坍缩<0.5→增大 --std_coeff）；IRN残差std≈O(1) 表示 Y 代理在学形状而非趋平凡。
Validation loss decreased (0.843025 --> 0.760241).  Saving model ...
Updating learning rate to 0.0001
Epoch: 4 耗时总长: 1.4125559329986572
Epoch: 4, Steps: 18 | 综合训练Loss: 0.5136978 | 验证集Loss: 0.0656534 | 测试集Loss: 0.6813486
  [诊断·分项损失] observed=0.11314 x_sur=0.18917 suf=0.42471 align=1.68924
  [诊断·路由] 批级使用率熵(epoch均值)=0.976 逐样本熵=0.812 | 激活机制数=4/4 | 平均使用率 P_e=[0.202 0.187 0.321 0.29 ]
    └─ 解读：批级高 + 逐样本低 = 健康特化(不同样本走不同机制)；两者都≈1 = 各样本均匀混合(环境条件化未特化)
  [诊断·Y代理] IRN残差std=0.6492 | projY_std(VICReg方差锚,目标1)=0.2458 | 闭环对齐MSE=0.0964
    └─ 解读：projY_std 应稳定≈1（坍缩<0.5→增大 --std_coeff）；IRN残差std≈O(1) 表示 Y 代理在学形状而非趋平凡。
Validation loss decreased (0.760241 --> 0.681349).  Saving model ...
Updating learning rate to 0.0001
Epoch: 5 耗时总长: 1.5592906475067139
Epoch: 5, Steps: 18 | 综合训练Loss: 0.4743294 | 验证集Loss: 0.0783439 | 测试集Loss: 0.6779402
  [诊断·分项损失] observed=0.10100 x_sur=0.17093 suf=0.36831 align=1.65562
  [诊断·路由] 批级使用率熵(epoch均值)=0.975 逐样本熵=0.832 | 激活机制数=4/4 | 平均使用率 P_e=[0.195 0.19  0.329 0.287]
    └─ 解读：批级高 + 逐样本低 = 健康特化(不同样本走不同机制)；两者都≈1 = 各样本均匀混合(环境条件化未特化)
  [诊断·Y代理] IRN残差std=0.6041 | projY_std(VICReg方差锚,目标1)=0.2718 | 闭环对齐MSE=0.0972
    └─ 解读：projY_std 应稳定≈1（坍缩<0.5→增大 --std_coeff）；IRN残差std≈O(1) 表示 Y 代理在学形状而非趋平凡。
Validation loss decreased (0.681349 --> 0.677940).  Saving model ...
Updating learning rate to 0.0001
Epoch: 6 耗时总长: 2.1315360069274902
Epoch: 6, Steps: 18 | 综合训练Loss: 0.4539797 | 验证集Loss: 0.0476562 | 测试集Loss: 0.7006170
  [诊断·分项损失] observed=0.09617 x_sur=0.16058 suf=0.34523 align=1.62700
  [诊断·路由] 批级使用率熵(epoch均值)=0.976 逐样本熵=0.846 | 激活机制数=4/4 | 平均使用率 P_e=[0.188 0.192 0.327 0.292]
    └─ 解读：批级高 + 逐样本低 = 健康特化(不同样本走不同机制)；两者都≈1 = 各样本均匀混合(环境条件化未特化)
  [诊断·Y代理] IRN残差std=0.5861 | projY_std(VICReg方差锚,目标1)=0.2813 | 闭环对齐MSE=0.0963
    └─ 解读：projY_std 应稳定≈1（坍缩<0.5→增大 --std_coeff）；IRN残差std≈O(1) 表示 Y 代理在学形状而非趋平凡。
EarlyStopping counter: 1 out of 5
Updating learning rate to 0.0001
Epoch: 7 耗时总长: 2.53239107131958
Epoch: 7, Steps: 18 | 综合训练Loss: 0.4268908 | 验证集Loss: 0.0660411 | 测试集Loss: 0.6852301
  [诊断·分项损失] observed=0.08934 x_sur=0.14506 suf=0.31538 align=1.60950
  [诊断·路由] 批级使用率熵(epoch均值)=0.971 逐样本熵=0.843 | 激活机制数=4/4 | 平均使用率 P_e=[0.182 0.19  0.334 0.293]
    └─ 解读：批级高 + 逐样本低 = 健康特化(不同样本走不同机制)；两者都≈1 = 各样本均匀混合(环境条件化未特化)
  [诊断·Y代理] IRN残差std=0.5600 | projY_std(VICReg方差锚,目标1)=0.2949 | 闭环对齐MSE=0.1029
    └─ 解读：projY_std 应稳定≈1（坍缩<0.5→增大 --std_coeff）；IRN残差std≈O(1) 表示 Y 代理在学形状而非趋平凡。
EarlyStopping counter: 2 out of 5
Updating learning rate to 0.0001
Epoch: 8 耗时总长: 2.047833204269409
Epoch: 8, Steps: 18 | 综合训练Loss: 0.4137514 | 验证集Loss: 0.0536993 | 测试集Loss: 0.6558498
  [诊断·分项损失] observed=0.08664 x_sur=0.13762 suf=0.30388 align=1.59096
  [诊断·路由] 批级使用率熵(epoch均值)=0.970 逐样本熵=0.832 | 激活机制数=4/4 | 平均使用率 P_e=[0.176 0.192 0.335 0.298]
    └─ 解读：批级高 + 逐样本低 = 健康特化(不同样本走不同机制)；两者都≈1 = 各样本均匀混合(环境条件化未特化)
  [诊断·Y代理] IRN残差std=0.5491 | projY_std(VICReg方差锚,目标1)=0.3032 | 闭环对齐MSE=0.1054
    └─ 解读：projY_std 应稳定≈1（坍缩<0.5→增大 --std_coeff）；IRN残差std≈O(1) 表示 Y 代理在学形状而非趋平凡。
Validation loss decreased (0.677940 --> 0.655850).  Saving model ...
Updating learning rate to 0.0001
Epoch: 9 耗时总长: 2.349712610244751
Epoch: 9, Steps: 18 | 综合训练Loss: 0.3911750 | 验证集Loss: 0.0587937 | 测试集Loss: 0.6009737
  [诊断·分项损失] observed=0.07976 x_sur=0.12472 suf=0.28816 align=1.57873
  [诊断·路由] 批级使用率熵(epoch均值)=0.970 逐样本熵=0.827 | 激活机制数=4/4 | 平均使用率 P_e=[0.177 0.189 0.328 0.306]
    └─ 解读：批级高 + 逐样本低 = 健康特化(不同样本走不同机制)；两者都≈1 = 各样本均匀混合(环境条件化未特化)
  [诊断·Y代理] IRN残差std=0.5355 | projY_std(VICReg方差锚,目标1)=0.3122 | 闭环对齐MSE=0.1078
    └─ 解读：projY_std 应稳定≈1（坍缩<0.5→增大 --std_coeff）；IRN残差std≈O(1) 表示 Y 代理在学形状而非趋平凡。
Validation loss decreased (0.655850 --> 0.600974).  Saving model ...
Updating learning rate to 0.0001
Epoch: 10 耗时总长: 2.0016932487487793
Epoch: 10, Steps: 18 | 综合训练Loss: 0.3814158 | 验证集Loss: 0.0479075 | 测试集Loss: 0.6562478
  [诊断·分项损失] observed=0.07549 x_sur=0.12270 suf=0.26800 align=1.56427
  [诊断·路由] 批级使用率熵(epoch均值)=0.967 逐样本熵=0.825 | 激活机制数=4/4 | 平均使用率 P_e=[0.173 0.19  0.333 0.303]
    └─ 解读：批级高 + 逐样本低 = 健康特化(不同样本走不同机制)；两者都≈1 = 各样本均匀混合(环境条件化未特化)
  [诊断·Y代理] IRN残差std=0.5159 | projY_std(VICReg方差锚,目标1)=0.3160 | 闭环对齐MSE=0.1079
    └─ 解读：projY_std 应稳定≈1（坍缩<0.5→增大 --std_coeff）；IRN残差std≈O(1) 表示 Y 代理在学形状而非趋平凡。
EarlyStopping counter: 1 out of 5
Updating learning rate to 0.0001
Epoch: 11 耗时总长: 0.9931342601776123
Epoch: 11, Steps: 18 | 综合训练Loss: 0.3675301 | 验证集Loss: 0.0450516 | 测试集Loss: 0.7312269
  [诊断·分项损失] observed=0.07248 x_sur=0.11343 suf=0.26110 align=1.55507
  [诊断·路由] 批级使用率熵(epoch均值)=0.970 逐样本熵=0.823 | 激活机制数=4/4 | 平均使用率 P_e=[0.178 0.188 0.322 0.312]
    └─ 解读：批级高 + 逐样本低 = 健康特化(不同样本走不同机制)；两者都≈1 = 各样本均匀混合(环境条件化未特化)
  [诊断·Y代理] IRN残差std=0.5093 | projY_std(VICReg方差锚,目标1)=0.3219 | 闭环对齐MSE=0.1040
    └─ 解读：projY_std 应稳定≈1（坍缩<0.5→增大 --std_coeff）；IRN残差std≈O(1) 表示 Y 代理在学形状而非趋平凡。
EarlyStopping counter: 2 out of 5
Updating learning rate to 0.0001
>>>>>>>testing : causal_forecast_ILI_36_36_iTransformer_customc_ftMS_sl36_ll18_pl36_dm512_nh8_el3_dl1_df2048_fc3_ebtimeF_dtTrue_Exp_s2023_K4_0<<<<<<<<<<<<<<<<<<<<<<<<<<<<<<<<<
test 158
真实环境基准校验测试集维度形态: (158, 1, 36, 1) (158, 1, 36, 1)
真实试验验证最终成效评估 >> MSE: 0.6009735465049744, MAE: 0.5702074766159058
  [诊断·测试期] 归一化路由熵=0.719 | P_e=[0.176 0.121 0.238 0.465] | projY_std(VICReg方差锚)=0.2577
