Args in experiment:
[1mBasic Config[0m
  Task Name:          causal_forecast     Is Training:        1                   
  Model ID:           Exchange_96_192     Model:              iTransformer        

[1mData Loader[0m
  Data:               customc             Root Path:          ./dataset/exchange_rate/
  Data Path:          exchange_rate.csv   Features:           MS                  
  Target:             OT                  Freq:               h                   
  Checkpoints:        ./checkpoints/      

[1mModel Parameters[0m
  Top k:              5                   Num Kernels:        6                   
  Enc In:             8                   Dec In:             8                   
  C Out:              8                   d model:            512                 
  n heads:            8                   e layers:           3                   
  d layers:           1                   d FF:               2048                
  Moving Avg:         25                  Factor:             3                   
  Distil:             1                   Dropout:            0.1                 
  Embed:              timeF               Activation:         gelu                
  Output Attention:   0                   

[1mRun Parameters[0m
  Num Workers:        4                   Itr:                1                   
  Train Epochs:       2                   Batch Size:         32                  
  Patience:           5                   Learning Rate:      0.0001              
  Des:                Exp_s2021_K1        Loss:               MSE                 
  Lradj:              type3               Use Amp:            0                   

[1mGPU[0m
  Use GPU:            1                   GPU:                0                   
  Use Multi GPU:      0                   Devices:            0,1,2,3             

[1mDe-stationary Projector Params[0m
  P Hidden Dims:      128, 128            P Hidden Layers:    2                   

Use GPU: cuda:0
Exp Causal Forecast-Model: Dual Space Surrogate Wrapper v2_f (精简损失: loss_observed + loss_x_surrogate + 0.1*loss_align + 0.1*loss_suf)
>>>>>>>start training : causal_forecast_Exchange_96_192_iTransformer_customc_ftMS_sl96_ll48_pl192_dm512_nh8_el3_dl1_df2048_fc3_ebtimeF_dtTrue_Exp_s2021_K1_0>>>>>>>>>>>>>>>>>>>>>>>>>>
train 5024
val 569
test 1326
	iters: 50, epoch: 1 | 联合总Loss: 1.0381094 | 观测Loss: 0.3568096
	speed: 0.2541s/iter; 预计训练剩余总时间: 67.3459s
	当前Batch不变量最大注意力索引矩阵:
	 [ 4 51 90 76 52 46 95  0]
	[诊断] 批级路由熵=-0.000 逐样本路由熵=-0.000 | P_e=[1.] | IRN残差std=1.940 | projY_std=0.280 | 对齐MSE=0.1754
	iters: 100, epoch: 1 | 联合总Loss: 1.1171756 | 观测Loss: 0.3094118
	speed: 0.1898s/iter; 预计训练剩余总时间: 40.8027s
	当前Batch不变量最大注意力索引矩阵:
	 [ 4 51 90 76 52 46 95  0]
	[诊断] 批级路由熵=-0.000 逐样本路由熵=-0.000 | P_e=[1.] | IRN残差std=2.248 | projY_std=0.291 | 对齐MSE=0.1312
	iters: 150, epoch: 1 | 联合总Loss: 0.6777165 | 观测Loss: 0.1677720
	speed: 0.2343s/iter; 预计训练剩余总时间: 38.6527s
	当前Batch不变量最大注意力索引矩阵:
	 [ 4 51 90 76 52 46 95  0]
	[诊断] 批级路由熵=-0.000 逐样本路由熵=-0.000 | P_e=[1.] | IRN残差std=1.585 | projY_std=0.404 | 对齐MSE=0.2067
Epoch: 1 耗时总长: 36.81662964820862
Epoch: 1, Steps: 157 | 综合训练Loss: 1.0096316 | 验证集Loss: 0.2345535 | 测试集Loss: 0.1885116
  [诊断·分项损失] observed=0.27841 x_sur=0.13697 suf=4.31509 align=1.62748
  [诊断·路由] 批级使用率熵(epoch均值)=0.000 逐样本熵=0.000 | 激活机制数=1/1 | 平均使用率 P_e=[1.]
    └─ 解读：批级高 + 逐样本低 = 健康特化(不同样本走不同机制)；两者都≈1 = 各样本均匀混合(环境条件化未特化)
  [诊断·Y代理] IRN残差std=2.0604 | projY_std(VICReg方差锚,目标1)=0.2822 | 闭环对齐MSE=0.1505
    └─ 解读：projY_std 应稳定≈1（坍缩<0.5→增大 --std_coeff）；IRN残差std≈O(1) 表示 Y 代理在学形状而非趋平凡。
  [诊断·告警] 路由熵偏低(0.000<0.5)，环境路由可能正在坍缩（单机制 num_regimes=1 时熵恒为 0，可忽略）
Validation loss decreased (inf --> 0.188512).  Saving model ...
Updating learning rate to 0.0001
	iters: 50, epoch: 2 | 联合总Loss: 0.8716522 | 观测Loss: 0.2552111
	speed: 3.5937s/iter; 预计训练剩余总时间: 388.1181s
	当前Batch不变量最大注意力索引矩阵:
	 [ 4 51 90 76 52 46 95  0]
	[诊断] 批级路由熵=-0.000 逐样本路由熵=-0.000 | P_e=[1.] | IRN残差std=1.868 | projY_std=0.395 | 对齐MSE=0.1217
	iters: 100, epoch: 2 | 联合总Loss: 0.6603535 | 观测Loss: 0.1397561
	speed: 0.2064s/iter; 预计训练剩余总时间: 11.9708s
	当前Batch不变量最大注意力索引矩阵:
	 [ 4 51 90 76 52 46 95  0]
	[诊断] 批级路由熵=-0.000 逐样本路由熵=-0.000 | P_e=[1.] | IRN残差std=1.648 | projY_std=0.411 | 对齐MSE=0.1840
	iters: 150, epoch: 2 | 联合总Loss: 0.9424831 | 观测Loss: 0.2947741
	speed: 0.2378s/iter; 预计训练剩余总时间: 1.9020s
	当前Batch不变量最大注意力索引矩阵:
	 [ 4 51 90 76 52 46 95  0]
	[诊断] 批级路由熵=-0.000 逐样本路由熵=-0.000 | P_e=[1.] | IRN残差std=1.949 | projY_std=0.410 | 对齐MSE=0.1767
Epoch: 2 耗时总长: 37.1896550655365
Epoch: 2, Steps: 157 | 综合训练Loss: 0.8334604 | 验证集Loss: 0.4445218 | 测试集Loss: 0.2409424
  [诊断·分项损失] observed=0.20606 x_sur=0.13567 suf=3.45164 align=1.46573
  [诊断·路由] 批级使用率熵(epoch均值)=0.000 逐样本熵=0.000 | 激活机制数=1/1 | 平均使用率 P_e=[1.]
    └─ 解读：批级高 + 逐样本低 = 健康特化(不同样本走不同机制)；两者都≈1 = 各样本均匀混合(环境条件化未特化)
  [诊断·Y代理] IRN残差std=1.8409 | projY_std(VICReg方差锚,目标1)=0.3859 | 闭环对齐MSE=0.1626
    └─ 解读：projY_std 应稳定≈1（坍缩<0.5→增大 --std_coeff）；IRN残差std≈O(1) 表示 Y 代理在学形状而非趋平凡。
  [诊断·告警] 路由熵偏低(0.000<0.5)，环境路由可能正在坍缩（单机制 num_regimes=1 时熵恒为 0，可忽略）
EarlyStopping counter: 1 out of 5
Updating learning rate to 0.0001
>>>>>>>testing : causal_forecast_Exchange_96_192_iTransformer_customc_ftMS_sl96_ll48_pl192_dm512_nh8_el3_dl1_df2048_fc3_ebtimeF_dtTrue_Exp_s2021_K1_0<<<<<<<<<<<<<<<<<<<<<<<<<<<<<<<<<
test 1326
真实环境基准校验测试集维度形态: (1326, 1, 192, 1) (1326, 1, 192, 1)
真实试验验证最终成效评估 >> MSE: 0.18851162493228912, MAE: 0.32697612047195435
  [诊断·测试期] 归一化路由熵=0.000 | P_e=[1.] | projY_std(VICReg方差锚)=0.1075
