Args in experiment:
[1mBasic Config[0m
  Task Name:          causal_forecast     Is Training:        1                   
  Model ID:           Exchange_96_96      Model:              iTransformer        

[1mData Loader[0m
  Data:               customc             Root Path:          ./dataset/exchange_rate/
  Data Path:          exchange_rate.csv   Features:           MS                  
  Target:             OT                  Freq:               h                   
  Checkpoints:        ./checkpoints/      

[1mModel Parameters[0m
  Top k:              5                   Num Kernels:        6                   
  Enc In:             8                   Dec In:             8                   
  C Out:              8                   d model:            512                 
  n heads:            8                   e layers:           3                   
  d layers:           1                   d FF:               2048                
  Moving Avg:         25                  Factor:             3                   
  Distil:             1                   Dropout:            0.1                 
  Embed:              timeF               Activation:         gelu                
  Output Attention:   0                   

[1mRun Parameters[0m
  Num Workers:        4                   Itr:                1                   
  Train Epochs:       2                   Batch Size:         32                  
  Patience:           5                   Learning Rate:      0.0001              
  Des:                Exp_s2021_K1        Loss:               MSE                 
  Lradj:              type3               Use Amp:            0                   

[1mGPU[0m
  Use GPU:            1                   GPU:                0                   
  Use Multi GPU:      0                   Devices:            0,1,2,3             

[1mDe-stationary Projector Params[0m
  P Hidden Dims:      128, 128            P Hidden Layers:    2                   

Use GPU: cuda:0
Exp Causal Forecast-Model: Dual Space Surrogate Wrapper v2_f (精简损失: loss_observed + loss_x_surrogate + 0.1*loss_align + 0.1*loss_suf)
>>>>>>>start training : causal_forecast_Exchange_96_96_iTransformer_customc_ftMS_sl96_ll48_pl96_dm512_nh8_el3_dl1_df2048_fc3_ebtimeF_dtTrue_Exp_s2021_K1_0>>>>>>>>>>>>>>>>>>>>>>>>>>
train 5120
val 665
test 1422
	iters: 50, epoch: 1 | 联合总Loss: 0.5037801 | 观测Loss: 0.1649606
	speed: 0.2063s/iter; 预计训练剩余总时间: 55.9108s
	当前Batch不变量最大注意力索引矩阵:
	 [62 38 55  8 51  7 93  0]
	[诊断] 批级路由熵=-0.000 逐样本路由熵=-0.000 | P_e=[1.] | IRN残差std=1.139 | projY_std=0.287 | 对齐MSE=0.1701
	iters: 100, epoch: 1 | 联合总Loss: 0.4185002 | 观测Loss: 0.1099256
	speed: 0.1680s/iter; 预计训练剩余总时间: 37.1204s
	当前Batch不变量最大注意力索引矩阵:
	 [62 38 55  8 51  7 93  0]
	[诊断] 批级路由熵=-0.000 逐样本路由熵=-0.000 | P_e=[1.] | IRN残差std=1.099 | projY_std=0.313 | 对齐MSE=0.1466
	iters: 150, epoch: 1 | 联合总Loss: 0.4660400 | 观测Loss: 0.1049798
	speed: 0.1620s/iter; 预计训练剩余总时间: 27.7084s
	当前Batch不变量最大注意力索引矩阵:
	 [62 38 55  8 51  7 93  0]
	[诊断] 批级路由熵=-0.000 逐样本路由熵=-0.000 | P_e=[1.] | IRN残差std=1.296 | projY_std=0.384 | 对齐MSE=0.1614
Epoch: 1 耗时总长: 28.53263521194458
Epoch: 1, Steps: 160 | 综合训练Loss: 0.4849905 | 验证集Loss: 0.2235896 | 测试集Loss: 0.1018456
  [诊断·分项损失] observed=0.11555 x_sur=0.03698 suf=1.70077 align=1.62382
  [诊断·路由] 批级使用率熵(epoch均值)=0.000 逐样本熵=0.000 | 激活机制数=1/1 | 平均使用率 P_e=[1.]
    └─ 解读：批级高 + 逐样本低 = 健康特化(不同样本走不同机制)；两者都≈1 = 各样本均匀混合(环境条件化未特化)
  [诊断·Y代理] IRN残差std=1.2951 | projY_std(VICReg方差锚,目标1)=0.2732 | 闭环对齐MSE=0.1438
    └─ 解读：projY_std 应稳定≈1（坍缩<0.5→增大 --std_coeff）；IRN残差std≈O(1) 表示 Y 代理在学形状而非趋平凡。
  [诊断·告警] 路由熵偏低(0.000<0.5)，环境路由可能正在坍缩（单机制 num_regimes=1 时熵恒为 0，可忽略）
Validation loss decreased (inf --> 0.101846).  Saving model ...
Updating learning rate to 0.0001
	iters: 50, epoch: 2 | 联合总Loss: 0.4134613 | 观测Loss: 0.0797723
	speed: 3.6960s/iter; 预计训练剩余总时间: 410.2506s
	当前Batch不变量最大注意力索引矩阵:
	 [62 38 55  8 51  7 93  0]
	[诊断] 批级路由熵=-0.000 逐样本路由熵=-0.000 | P_e=[1.] | IRN残差std=1.230 | projY_std=0.356 | 对齐MSE=0.1378
	iters: 100, epoch: 2 | 联合总Loss: 0.4319263 | 观测Loss: 0.1057718
	speed: 0.1858s/iter; 预计训练剩余总时间: 11.3358s
	当前Batch不变量最大注意力索引矩阵:
	 [62 38 55  8 51  7 93  0]
	[诊断] 批级路由熵=-0.000 逐样本路由熵=-0.000 | P_e=[1.] | IRN残差std=1.197 | projY_std=0.379 | 对齐MSE=0.1411
	iters: 150, epoch: 2 | 联合总Loss: 0.3791400 | 观测Loss: 0.0808205
	speed: 0.1979s/iter; 预计训练剩余总时间: 2.1767s
	当前Batch不变量最大注意力索引矩阵:
	 [62 38 55  8 51  7 93  0]
	[诊断] 批级路由熵=-0.000 逐样本路由熵=-0.000 | P_e=[1.] | IRN残差std=1.143 | projY_std=0.391 | 对齐MSE=0.1182
Epoch: 2 耗时总长: 33.493903160095215
Epoch: 2, Steps: 160 | 综合训练Loss: 0.3973561 | 验证集Loss: 0.3515484 | 测试集Loss: 0.1227641
  [诊断·分项损失] observed=0.08059 x_sur=0.03620 suf=1.32733 align=1.47829
  [诊断·路由] 批级使用率熵(epoch均值)=0.000 逐样本熵=0.000 | 激活机制数=1/1 | 平均使用率 P_e=[1.]
    └─ 解读：批级高 + 逐样本低 = 健康特化(不同样本走不同机制)；两者都≈1 = 各样本均匀混合(环境条件化未特化)
  [诊断·Y代理] IRN残差std=1.1450 | projY_std(VICReg方差锚,目标1)=0.3728 | 闭环对齐MSE=0.1472
    └─ 解读：projY_std 应稳定≈1（坍缩<0.5→增大 --std_coeff）；IRN残差std≈O(1) 表示 Y 代理在学形状而非趋平凡。
  [诊断·告警] 路由熵偏低(0.000<0.5)，环境路由可能正在坍缩（单机制 num_regimes=1 时熵恒为 0，可忽略）
EarlyStopping counter: 1 out of 5
Updating learning rate to 0.0001
>>>>>>>testing : causal_forecast_Exchange_96_96_iTransformer_customc_ftMS_sl96_ll48_pl96_dm512_nh8_el3_dl1_df2048_fc3_ebtimeF_dtTrue_Exp_s2021_K1_0<<<<<<<<<<<<<<<<<<<<<<<<<<<<<<<<<
test 1422
真实环境基准校验测试集维度形态: (1422, 1, 96, 1) (1422, 1, 96, 1)
真实试验验证最终成效评估 >> MSE: 0.10184561461210251, MAE: 0.23896424472332
  [诊断·测试期] 归一化路由熵=0.000 | P_e=[1.] | projY_std(VICReg方差锚)=0.1038
