Args in experiment:
[1mBasic Config[0m
  Task Name:          causal_forecast     Is Training:        1                   
  Model ID:           ETTh1_96_96         Model:              iTransformer        

[1mData Loader[0m
  Data:               ETTh1c              Root Path:          ./dataset/ETT/      
  Data Path:          ETTh1.csv           Features:           MS                  
  Target:             OT                  Freq:               h                   
  Checkpoints:        ./checkpoints/      

[1mModel Parameters[0m
  Top k:              5                   Num Kernels:        6                   
  Enc In:             7                   Dec In:             7                   
  C Out:              7                   d model:            512                 
  n heads:            8                   e layers:           3                   
  d layers:           1                   d FF:               2048                
  Moving Avg:         25                  Factor:             3                   
  Distil:             1                   Dropout:            0.1                 
  Embed:              timeF               Activation:         gelu                
  Output Attention:   0                   

[1mRun Parameters[0m
  Num Workers:        4                   Itr:                1                   
  Train Epochs:       2                   Batch Size:         32                  
  Patience:           5                   Learning Rate:      0.0001              
  Des:                Exp_s2046_K3        Loss:               MSE                 
  Lradj:              type3               Use Amp:            0                   

[1mGPU[0m
  Use GPU:            1                   GPU:                0                   
  Use Multi GPU:      0                   Devices:            0,1,2,3             

[1mDe-stationary Projector Params[0m
  P Hidden Dims:      128, 128            P Hidden Layers:    2                   

Use GPU: cuda:0
Exp Causal Forecast-Model: Dual Space Surrogate Wrapper v2_f (精简损失: loss_observed + loss_x_surrogate + 0.1*loss_align + 0.1*loss_suf)
>>>>>>>start training : causal_forecast_ETTh1_96_96_iTransformer_ETTh1c_ftMS_sl96_ll48_pl96_dm512_nh8_el3_dl1_df2048_fc3_ebtimeF_dtTrue_Exp_s2046_K3_0>>>>>>>>>>>>>>>>>>>>>>>>>>
train 8449
val 2785
test 2785
	iters: 50, epoch: 1 | 联合总Loss: 0.5491256 | 观测Loss: 0.1606390
	speed: 0.1749s/iter; 预计训练剩余总时间: 83.7767s
	当前Batch不变量最大注意力索引矩阵:
	 [27 73 11 38 90 60  0]
	[诊断] 批级路由熵=0.988 逐样本路由熵=0.483 | P_e=[0.35  0.39  0.261] | IRN残差std=1.167 | projY_std=0.125 | 对齐MSE=0.0471
	iters: 100, epoch: 1 | 联合总Loss: 0.4912393 | 观测Loss: 0.1240503
	speed: 0.1179s/iter; 预计训练剩余总时间: 50.5757s
	当前Batch不变量最大注意力索引矩阵:
	 [76 57 28 35 94 10  0]
	[诊断] 批级路由熵=0.946 逐样本路由熵=0.389 | P_e=[0.295 0.491 0.214] | IRN残差std=1.102 | projY_std=0.188 | 对齐MSE=0.0528
	iters: 150, epoch: 1 | 联合总Loss: 0.5462505 | 观测Loss: 0.1583142
	speed: 0.1179s/iter; 预计训练剩余总时间: 44.7004s
	当前Batch不变量最大注意力索引矩阵:
	 [27 73 53 38 90 52  0]
	[诊断] 批级路由熵=0.830 逐样本路由熵=0.311 | P_e=[0.227 0.625 0.147] | IRN残差std=1.125 | projY_std=0.239 | 对齐MSE=0.0795
	iters: 200, epoch: 1 | 联合总Loss: 0.6856800 | 观测Loss: 0.2688881
	speed: 0.1176s/iter; 预计训练剩余总时间: 38.6890s
	当前Batch不变量最大注意力索引矩阵:
	 [27 73 53 38 90 52  0]
	[诊断] 批级路由熵=0.977 逐样本路由熵=0.397 | P_e=[0.304 0.438 0.258] | IRN残差std=1.346 | projY_std=0.246 | 对齐MSE=0.0978
	iters: 250, epoch: 1 | 联合总Loss: 0.5110152 | 观测Loss: 0.1852087
	speed: 0.1245s/iter; 预计训练剩余总时间: 34.7438s
	当前Batch不变量最大注意力索引矩阵:
	 [27 73 11 38 90 52  0]
	[诊断] 批级路由熵=0.971 逐样本路由熵=0.454 | P_e=[0.324 0.441 0.235] | IRN残差std=0.958 | projY_std=0.264 | 对齐MSE=0.1023
Epoch: 1 耗时总长: 34.441758155822754
Epoch: 1, Steps: 264 | 综合训练Loss: 0.5505027 | 验证集Loss: 0.1052198 | 测试集Loss: 0.0551524
  [诊断·分项损失] observed=0.17179 x_sur=0.07749 suf=1.25468 align=1.75751
  [诊断·路由] 批级使用率熵(epoch均值)=0.945 逐样本熵=0.434 | 激活机制数=3/3 | 平均使用率 P_e=[0.32  0.457 0.223]
    └─ 解读：批级高 + 逐样本低 = 健康特化(不同样本走不同机制)；两者都≈1 = 各样本均匀混合(环境条件化未特化)
  [诊断·Y代理] IRN残差std=1.1140 | projY_std(VICReg方差锚,目标1)=0.2084 | 闭环对齐MSE=0.0839
    └─ 解读：projY_std 应稳定≈1（坍缩<0.5→增大 --std_coeff）；IRN残差std≈O(1) 表示 Y 代理在学形状而非趋平凡。
Validation loss decreased (inf --> 0.055152).  Saving model ...
Updating learning rate to 0.0001
	iters: 50, epoch: 2 | 联合总Loss: 0.5043516 | 观测Loss: 0.1817369
	speed: 6.6393s/iter; 预计训练剩余总时间: 1427.4553s
	当前Batch不变量最大注意力索引矩阵:
	 [76 57 28 35 94 10  0]
	[诊断] 批级路由熵=0.966 逐样本路由熵=0.383 | P_e=[0.323 0.45  0.227] | IRN残差std=0.998 | projY_std=0.306 | 对齐MSE=0.1640
	iters: 100, epoch: 2 | 联合总Loss: 0.5660448 | 观测Loss: 0.1911870
	speed: 0.1181s/iter; 预计训练剩余总时间: 19.4852s
	当前Batch不变量最大注意力索引矩阵:
	 [27 73 53 38 90 52  0]
	[诊断] 批级路由熵=0.984 逐样本路由熵=0.495 | P_e=[0.421 0.281 0.298] | IRN残差std=1.119 | projY_std=0.243 | 对齐MSE=0.1534
	iters: 150, epoch: 2 | 联合总Loss: 0.4444315 | 观测Loss: 0.1286568
	speed: 0.1279s/iter; 预计训练剩余总时间: 14.7133s
	当前Batch不变量最大注意力索引矩阵:
	 [27 73 53 38 90 52  0]
	[诊断] 批级路由熵=0.967 逐样本路由熵=0.419 | P_e=[0.313 0.453 0.234] | IRN残差std=0.937 | projY_std=0.292 | 对齐MSE=0.1322
	iters: 200, epoch: 2 | 联合总Loss: 0.4816145 | 观测Loss: 0.1587090
	speed: 0.1320s/iter; 预计训练剩余总时间: 8.5797s
	当前Batch不变量最大注意力索引矩阵:
	 [27 73 11 65 90 52  0]
	[诊断] 批级路由熵=0.989 逐样本路由熵=0.450 | P_e=[0.335 0.396 0.27 ] | IRN残差std=1.005 | projY_std=0.265 | 对齐MSE=0.1323
	iters: 250, epoch: 2 | 联合总Loss: 0.4323540 | 观测Loss: 0.1193513
	speed: 0.1221s/iter; 预计训练剩余总时间: 1.8318s
	当前Batch不变量最大注意力索引矩阵:
	 [27 73 53 38 90 52  0]
	[诊断] 批级路由熵=0.996 逐样本路由熵=0.429 | P_e=[0.322 0.376 0.302] | IRN残差std=0.970 | projY_std=0.269 | 对齐MSE=0.1596
Epoch: 2 耗时总长: 34.46690607070923
Epoch: 2, Steps: 264 | 综合训练Loss: 0.4857627 | 验证集Loss: 0.1123892 | 测试集Loss: 0.0569883
  [诊断·分项损失] observed=0.14684 x_sur=0.06379 suf=1.10284 align=1.64845
  [诊断·路由] 批级使用率熵(epoch均值)=0.944 逐样本熵=0.395 | 激活机制数=3/3 | 平均使用率 P_e=[0.281 0.475 0.244]
    └─ 解读：批级高 + 逐样本低 = 健康特化(不同样本走不同机制)；两者都≈1 = 各样本均匀混合(环境条件化未特化)
  [诊断·Y代理] IRN残差std=1.0442 | projY_std(VICReg方差锚,目标1)=0.2860 | 闭环对齐MSE=0.1521
    └─ 解读：projY_std 应稳定≈1（坍缩<0.5→增大 --std_coeff）；IRN残差std≈O(1) 表示 Y 代理在学形状而非趋平凡。
EarlyStopping counter: 1 out of 5
Updating learning rate to 0.0001
>>>>>>>testing : causal_forecast_ETTh1_96_96_iTransformer_ETTh1c_ftMS_sl96_ll48_pl96_dm512_nh8_el3_dl1_df2048_fc3_ebtimeF_dtTrue_Exp_s2046_K3_0<<<<<<<<<<<<<<<<<<<<<<<<<<<<<<<<<
test 2785
真实环境基准校验测试集维度形态: (2785, 1, 96, 1) (2785, 1, 96, 1)
真实试验验证最终成效评估 >> MSE: 0.05515237897634506, MAE: 0.18051941692829132
  [诊断·测试期] 归一化路由熵=0.603 | P_e=[0.163 0.677 0.16 ] | projY_std(VICReg方差锚)=0.1570
