Args in experiment:
[1mBasic Config[0m
  Task Name:          causal_forecast     Is Training:        1                   
  Model ID:           Exchange_96_720     Model:              iTransformer        

[1mData Loader[0m
  Data:               customc             Root Path:          ./dataset/exchange_rate/
  Data Path:          exchange_rate.csv   Features:           MS                  
  Target:             OT                  Freq:               h                   
  Checkpoints:        ./checkpoints/      

[1mModel Parameters[0m
  Top k:              5                   Num Kernels:        6                   
  Enc In:             8                   Dec In:             8                   
  C Out:              8                   d model:            512                 
  n heads:            8                   e layers:           3                   
  d layers:           1                   d FF:               2048                
  Moving Avg:         25                  Factor:             3                   
  Distil:             1                   Dropout:            0.1                 
  Embed:              timeF               Activation:         gelu                
  Output Attention:   0                   

[1mRun Parameters[0m
  Num Workers:        4                   Itr:                1                   
  Train Epochs:       2                   Batch Size:         32                  
  Patience:           5                   Learning Rate:      0.0001              
  Des:                Exp_s2046_K1        Loss:               MSE                 
  Lradj:              type3               Use Amp:            0                   

[1mGPU[0m
  Use GPU:            1                   GPU:                0                   
  Use Multi GPU:      0                   Devices:            0,1,2,3             

[1mDe-stationary Projector Params[0m
  P Hidden Dims:      128, 128            P Hidden Layers:    2                   

Use GPU: cuda:0
Exp Causal Forecast-Model: Dual Space Surrogate Wrapper v2_f (精简损失: loss_observed + loss_x_surrogate + 0.1*loss_align + 0.1*loss_suf)
>>>>>>>start training : causal_forecast_Exchange_96_720_iTransformer_customc_ftMS_sl96_ll48_pl720_dm512_nh8_el3_dl1_df2048_fc3_ebtimeF_dtTrue_Exp_s2046_K1_0>>>>>>>>>>>>>>>>>>>>>>>>>>
train 4496
val 41
test 798
	iters: 50, epoch: 1 | 联合总Loss: 5.7293148 | 观测Loss: 0.8895684
	speed: 0.5176s/iter; 预计训练剩余总时间: 119.5556s
	当前Batch不变量最大注意力索引矩阵:
	 [41 48 34 48 21 82 89  0]
	[诊断] 批级路由熵=-0.000 逐样本路由熵=-0.000 | P_e=[1.] | IRN残差std=6.308 | projY_std=0.255 | 对齐MSE=0.1257
	iters: 100, epoch: 1 | 联合总Loss: 5.0166321 | 观测Loss: 1.2035434
	speed: 0.4820s/iter; 预计训练剩余总时间: 87.2428s
	当前Batch不变量最大注意力索引矩阵:
	 [41 48 34 48 21 82 89  0]
	[诊断] 批级路由熵=-0.000 逐样本路由熵=-0.000 | P_e=[1.] | IRN残差std=5.472 | projY_std=0.342 | 对齐MSE=0.2170
Epoch: 1 耗时总长: 68.76367950439453
Epoch: 1, Steps: 140 | 综合训练Loss: 5.0809552 | 验证集Loss: 0.8812597 | 测试集Loss: 1.1800468
  [诊断·分项损失] observed=0.96293 x_sur=0.69987 suf=32.53195 align=1.64964
  [诊断·路由] 批级使用率熵(epoch均值)=0.000 逐样本熵=0.000 | 激活机制数=1/1 | 平均使用率 P_e=[1.]
    └─ 解读：批级高 + 逐样本低 = 健康特化(不同样本走不同机制)；两者都≈1 = 各样本均匀混合(环境条件化未特化)
  [诊断·Y代理] IRN残差std=5.6656 | projY_std(VICReg方差锚,目标1)=0.2647 | 闭环对齐MSE=0.1438
    └─ 解读：projY_std 应稳定≈1（坍缩<0.5→增大 --std_coeff）；IRN残差std≈O(1) 表示 Y 代理在学形状而非趋平凡。
  [诊断·告警] 路由熵偏低(0.000<0.5)，环境路由可能正在坍缩（单机制 num_regimes=1 时熵恒为 0，可忽略）
Validation loss decreased (inf --> 1.180047).  Saving model ...
Updating learning rate to 0.0001
	iters: 50, epoch: 2 | 联合总Loss: 4.6152229 | 观测Loss: 0.8707696
	speed: 2.6145s/iter; 预计训练剩余总时间: 237.9151s
	当前Batch不变量最大注意力索引矩阵:
	 [41 48 34 48 21 82 89  0]
	[诊断] 批级路由熵=-0.000 逐样本路由熵=-0.000 | P_e=[1.] | IRN残差std=5.339 | projY_std=0.336 | 对齐MSE=0.2450
	iters: 100, epoch: 2 | 联合总Loss: 3.8936079 | 观测Loss: 0.8800445
	speed: 0.4856s/iter; 预计训练剩余总时间: 19.9107s
	当前Batch不变量最大注意力索引矩阵:
	 [41 48 34 48 21 82 89  0]
	[诊断] 批级路由熵=-0.000 逐样本路由熵=-0.000 | P_e=[1.] | IRN残差std=4.639 | projY_std=0.476 | 对齐MSE=0.2035
Epoch: 2 耗时总长: 69.7035551071167
Epoch: 2, Steps: 140 | 综合训练Loss: 4.2387558 | 验证集Loss: 0.5764854 | 测试集Loss: 1.2795601
  [诊断·分项损失] observed=0.82720 x_sur=0.70655 suf=25.57071 align=1.47933
  [诊断·路由] 批级使用率熵(epoch均值)=0.000 逐样本熵=0.000 | 激活机制数=1/1 | 平均使用率 P_e=[1.]
    └─ 解读：批级高 + 逐样本低 = 健康特化(不同样本走不同机制)；两者都≈1 = 各样本均匀混合(环境条件化未特化)
  [诊断·Y代理] IRN残差std=4.9985 | projY_std(VICReg方差锚,目标1)=0.4040 | 闭环对齐MSE=0.2237
    └─ 解读：projY_std 应稳定≈1（坍缩<0.5→增大 --std_coeff）；IRN残差std≈O(1) 表示 Y 代理在学形状而非趋平凡。
  [诊断·告警] 路由熵偏低(0.000<0.5)，环境路由可能正在坍缩（单机制 num_regimes=1 时熵恒为 0，可忽略）
EarlyStopping counter: 1 out of 5
Updating learning rate to 0.0001
>>>>>>>testing : causal_forecast_Exchange_96_720_iTransformer_customc_ftMS_sl96_ll48_pl720_dm512_nh8_el3_dl1_df2048_fc3_ebtimeF_dtTrue_Exp_s2046_K1_0<<<<<<<<<<<<<<<<<<<<<<<<<<<<<<<<<
test 798
真实环境基准校验测试集维度形态: (798, 1, 720, 1) (798, 1, 720, 1)
真实试验验证最终成效评估 >> MSE: 1.180046796798706, MAE: 0.8288003206253052
  [诊断·测试期] 归一化路由熵=0.000 | P_e=[1.] | projY_std(VICReg方差锚)=0.2031
