Args in experiment:
[1mBasic Config[0m
  Task Name:          causal_forecast     Is Training:        1                   
  Model ID:           Exchange_96_720     Model:              iTransformer        

[1mData Loader[0m
  Data:               customc             Root Path:          ./dataset/exchange_rate/
  Data Path:          exchange_rate.csv   Features:           MS                  
  Target:             OT                  Freq:               h                   
  Checkpoints:        ./checkpoints/      

[1mModel Parameters[0m
  Top k:              5                   Num Kernels:        6                   
  Enc In:             8                   Dec In:             8                   
  C Out:              8                   d model:            512                 
  n heads:            8                   e layers:           3                   
  d layers:           1                   d FF:               2048                
  Moving Avg:         25                  Factor:             3                   
  Distil:             1                   Dropout:            0.1                 
  Embed:              timeF               Activation:         gelu                
  Output Attention:   0                   

[1mRun Parameters[0m
  Num Workers:        4                   Itr:                1                   
  Train Epochs:       2                   Batch Size:         32                  
  Patience:           5                   Learning Rate:      0.0001              
  Des:                Exp_s2023_K1        Loss:               MSE                 
  Lradj:              type3               Use Amp:            0                   

[1mGPU[0m
  Use GPU:            1                   GPU:                0                   
  Use Multi GPU:      0                   Devices:            0,1,2,3             

[1mDe-stationary Projector Params[0m
  P Hidden Dims:      128, 128            P Hidden Layers:    2                   

Use GPU: cuda:0
Exp Causal Forecast-Model: Dual Space Surrogate Wrapper v2_f (精简损失: loss_observed + loss_x_surrogate + 0.1*loss_align + 0.1*loss_suf)
>>>>>>>start training : causal_forecast_Exchange_96_720_iTransformer_customc_ftMS_sl96_ll48_pl720_dm512_nh8_el3_dl1_df2048_fc3_ebtimeF_dtTrue_Exp_s2023_K1_0>>>>>>>>>>>>>>>>>>>>>>>>>>
train 4496
val 41
test 798
	iters: 50, epoch: 1 | 联合总Loss: 5.1339788 | 观测Loss: 0.8467341
	speed: 0.5340s/iter; 预计训练剩余总时间: 123.3557s
	当前Batch不变量最大注意力索引矩阵:
	 [70  7 27 30 95 11 73  0]
	[诊断] 批级路由熵=-0.000 逐样本路由熵=-0.000 | P_e=[1.] | IRN残差std=5.920 | projY_std=0.252 | 对齐MSE=0.1343
	iters: 100, epoch: 1 | 联合总Loss: 4.1635342 | 观测Loss: 0.7937117
	speed: 0.5040s/iter; 预计训练剩余总时间: 91.2220s
	当前Batch不变量最大注意力索引矩阵:
	 [70  7 27 30 95 11 73  0]
	[诊断] 批级路由熵=-0.000 逐样本路由熵=-0.000 | P_e=[1.] | IRN残差std=5.026 | projY_std=0.319 | 对齐MSE=0.1613
Epoch: 1 耗时总长: 71.30217671394348
Epoch: 1, Steps: 140 | 综合训练Loss: 5.1052964 | 验证集Loss: 1.2414454 | 测试集Loss: 1.0881444
  [诊断·分项损失] observed=0.98494 x_sur=0.69216 suf=32.61744 align=1.66449
  [诊断·路由] 批级使用率熵(epoch均值)=0.000 逐样本熵=0.000 | 激活机制数=1/1 | 平均使用率 P_e=[1.]
    └─ 解读：批级高 + 逐样本低 = 健康特化(不同样本走不同机制)；两者都≈1 = 各样本均匀混合(环境条件化未特化)
  [诊断·Y代理] IRN残差std=5.6636 | projY_std(VICReg方差锚,目标1)=0.2659 | 闭环对齐MSE=0.1449
    └─ 解读：projY_std 应稳定≈1（坍缩<0.5→增大 --std_coeff）；IRN残差std≈O(1) 表示 Y 代理在学形状而非趋平凡。
  [诊断·告警] 路由熵偏低(0.000<0.5)，环境路由可能正在坍缩（单机制 num_regimes=1 时熵恒为 0，可忽略）
Validation loss decreased (inf --> 1.088144).  Saving model ...
Updating learning rate to 0.0001
	iters: 50, epoch: 2 | 联合总Loss: 3.7618532 | 观测Loss: 0.8434038
	speed: 2.6402s/iter; 预计训练剩余总时间: 240.2595s
	当前Batch不变量最大注意力索引矩阵:
	 [70  7 27 30 13 11 73  0]
	[诊断] 批级路由熵=-0.000 逐样本路由熵=-0.000 | P_e=[1.] | IRN残差std=4.605 | projY_std=0.409 | 对齐MSE=0.1931
	iters: 100, epoch: 2 | 联合总Loss: 4.5853376 | 观测Loss: 0.9327293
	speed: 0.4845s/iter; 预计训练剩余总时间: 19.8627s
	当前Batch不变量最大注意力索引矩阵:
	 [70  7 27 30 13 11 73  0]
	[诊断] 批级路由熵=-0.000 逐样本路由熵=-0.000 | P_e=[1.] | IRN残差std=5.314 | projY_std=0.371 | 对齐MSE=0.1762
Epoch: 2 耗时总长: 69.29878640174866
Epoch: 2, Steps: 140 | 综合训练Loss: 4.2885312 | 验证集Loss: 0.9197822 | 测试集Loss: 1.3609637
  [诊断·分项损失] observed=0.86601 x_sur=0.68937 suf=25.87043 align=1.46103
  [诊断·路由] 批级使用率熵(epoch均值)=0.000 逐样本熵=0.000 | 激活机制数=1/1 | 平均使用率 P_e=[1.]
    └─ 解读：批级高 + 逐样本低 = 健康特化(不同样本走不同机制)；两者都≈1 = 各样本均匀混合(环境条件化未特化)
  [诊断·Y代理] IRN残差std=5.0482 | projY_std(VICReg方差锚,目标1)=0.4123 | 闭环对齐MSE=0.1990
    └─ 解读：projY_std 应稳定≈1（坍缩<0.5→增大 --std_coeff）；IRN残差std≈O(1) 表示 Y 代理在学形状而非趋平凡。
  [诊断·告警] 路由熵偏低(0.000<0.5)，环境路由可能正在坍缩（单机制 num_regimes=1 时熵恒为 0，可忽略）
EarlyStopping counter: 1 out of 5
Updating learning rate to 0.0001
>>>>>>>testing : causal_forecast_Exchange_96_720_iTransformer_customc_ftMS_sl96_ll48_pl720_dm512_nh8_el3_dl1_df2048_fc3_ebtimeF_dtTrue_Exp_s2023_K1_0<<<<<<<<<<<<<<<<<<<<<<<<<<<<<<<<<
test 798
真实环境基准校验测试集维度形态: (798, 1, 720, 1) (798, 1, 720, 1)
真实试验验证最终成效评估 >> MSE: 1.0881444215774536, MAE: 0.8117576837539673
  [诊断·测试期] 归一化路由熵=0.000 | P_e=[1.] | projY_std(VICReg方差锚)=0.2167
