Args in experiment:
[1mBasic Config[0m
  Task Name:          causal_forecast     Is Training:        1                   
  Model ID:           Exchange_96_336     Model:              iTransformer        

[1mData Loader[0m
  Data:               customc             Root Path:          ./dataset/exchange_rate/
  Data Path:          exchange_rate.csv   Features:           MS                  
  Target:             OT                  Freq:               h                   
  Checkpoints:        ./checkpoints/      

[1mModel Parameters[0m
  Top k:              5                   Num Kernels:        6                   
  Enc In:             8                   Dec In:             8                   
  C Out:              8                   d model:            512                 
  n heads:            8                   e layers:           3                   
  d layers:           1                   d FF:               2048                
  Moving Avg:         25                  Factor:             3                   
  Distil:             1                   Dropout:            0.1                 
  Embed:              timeF               Activation:         gelu                
  Output Attention:   0                   

[1mRun Parameters[0m
  Num Workers:        4                   Itr:                1                   
  Train Epochs:       2                   Batch Size:         32                  
  Patience:           5                   Learning Rate:      0.0001              
  Des:                Exp_s2021_K1        Loss:               MSE                 
  Lradj:              type3               Use Amp:            0                   

[1mGPU[0m
  Use GPU:            1                   GPU:                0                   
  Use Multi GPU:      0                   Devices:            0,1,2,3             

[1mDe-stationary Projector Params[0m
  P Hidden Dims:      128, 128            P Hidden Layers:    2                   

Use GPU: cuda:0
Exp Causal Forecast-Model: Dual Space Surrogate Wrapper v2_f (精简损失: loss_observed + loss_x_surrogate + 0.1*loss_align + 0.1*loss_suf)
>>>>>>>start training : causal_forecast_Exchange_96_336_iTransformer_customc_ftMS_sl96_ll48_pl336_dm512_nh8_el3_dl1_df2048_fc3_ebtimeF_dtTrue_Exp_s2021_K1_0>>>>>>>>>>>>>>>>>>>>>>>>>>
train 4880
val 425
test 1182
	iters: 50, epoch: 1 | 联合总Loss: 2.4072523 | 观测Loss: 0.5897747
	speed: 0.2684s/iter; 预计训练剩余总时间: 68.4425s
	当前Batch不变量最大注意力索引矩阵:
	 [22 64 62 84 19 14 57  0]
	[诊断] 批级路由熵=-0.000 逐样本路由熵=-0.000 | P_e=[1.] | IRN残差std=3.751 | projY_std=0.303 | 对齐MSE=0.1553
	iters: 100, epoch: 1 | 联合总Loss: 1.4363706 | 观测Loss: 0.3422045
	speed: 0.2859s/iter; 预计训练剩余总时间: 58.6146s
	当前Batch不变量最大注意力索引矩阵:
	 [22 64 62 84 19 14 57  0]
	[诊断] 批级路由熵=-0.000 逐样本路由熵=-0.000 | P_e=[1.] | IRN残差std=2.666 | projY_std=0.326 | 对齐MSE=0.1806
	iters: 150, epoch: 1 | 联合总Loss: 2.1223166 | 观测Loss: 0.5902464
	speed: 0.3201s/iter; 预计训练剩余总时间: 49.6086s
	当前Batch不变量最大注意力索引矩阵:
	 [22 64 62 84 19 14 57  0]
	[诊断] 批级路由熵=-0.000 逐样本路由熵=-0.000 | P_e=[1.] | IRN残差std=3.176 | projY_std=0.441 | 对齐MSE=0.2028
Epoch: 1 耗时总长: 44.83705186843872
Epoch: 1, Steps: 152 | 综合训练Loss: 2.0118924 | 验证集Loss: 0.2784763 | 测试集Loss: 0.4354935
  [诊断·分项损失] observed=0.51081 x_sur=0.29996 suf=10.37943 align=1.63183
  [诊断·路由] 批级使用率熵(epoch均值)=0.000 逐样本熵=0.000 | 激活机制数=1/1 | 平均使用率 P_e=[1.]
    └─ 解读：批级高 + 逐样本低 = 健康特化(不同样本走不同机制)；两者都≈1 = 各样本均匀混合(环境条件化未特化)
  [诊断·Y代理] IRN残差std=3.1862 | projY_std(VICReg方差锚,目标1)=0.2824 | 闭环对齐MSE=0.1533
    └─ 解读：projY_std 应稳定≈1（坍缩<0.5→增大 --std_coeff）；IRN残差std≈O(1) 表示 Y 代理在学形状而非趋平凡。
  [诊断·告警] 路由熵偏低(0.000<0.5)，环境路由可能正在坍缩（单机制 num_regimes=1 时熵恒为 0，可忽略）
Validation loss decreased (inf --> 0.435493).  Saving model ...
Updating learning rate to 0.0001
	iters: 50, epoch: 2 | 联合总Loss: 1.7159595 | 观测Loss: 0.4245259
	speed: 3.1778s/iter; 预计训练剩余总时间: 327.3128s
	当前Batch不变量最大注意力索引矩阵:
	 [22 64 62 84 19 14 57  0]
	[诊断] 批级路由熵=-0.000 逐样本路由熵=-0.000 | P_e=[1.] | IRN残差std=2.793 | projY_std=0.436 | 对齐MSE=0.1913
	iters: 100, epoch: 2 | 联合总Loss: 1.8899696 | 观测Loss: 0.5778531
	speed: 0.2860s/iter; 预计训练剩余总时间: 15.1592s
	当前Batch不变量最大注意力索引矩阵:
	 [22 64 62 84 19 14 57  0]
	[诊断] 批级路由熵=-0.000 逐样本路由熵=-0.000 | P_e=[1.] | IRN残差std=2.975 | projY_std=0.426 | 对齐MSE=0.1589
	iters: 150, epoch: 2 | 联合总Loss: 1.3574306 | 观测Loss: 0.2536157
	speed: 0.2681s/iter; 预计训练剩余总时间: 0.8043s
	当前Batch不变量最大注意力索引矩阵:
	 [22 64 62 84 19 14 57  0]
	[诊断] 批级路由熵=-0.000 逐样本路由熵=-0.000 | P_e=[1.] | IRN残差std=2.647 | projY_std=0.496 | 对齐MSE=0.1939
Epoch: 2 耗时总长: 48.89271783828735
Epoch: 2, Steps: 152 | 综合训练Loss: 1.6689446 | 验证集Loss: 0.3305481 | 测试集Loss: 0.5031025
  [诊断·分项损失] observed=0.40771 x_sur=0.30044 suf=8.14575 align=1.46218
  [诊断·路由] 批级使用率熵(epoch均值)=0.000 逐样本熵=0.000 | 激活机制数=1/1 | 平均使用率 P_e=[1.]
    └─ 解读：批级高 + 逐样本低 = 健康特化(不同样本走不同机制)；两者都≈1 = 各样本均匀混合(环境条件化未特化)
  [诊断·Y代理] IRN残差std=2.8352 | projY_std(VICReg方差锚,目标1)=0.3995 | 闭环对齐MSE=0.1848
    └─ 解读：projY_std 应稳定≈1（坍缩<0.5→增大 --std_coeff）；IRN残差std≈O(1) 表示 Y 代理在学形状而非趋平凡。
  [诊断·告警] 路由熵偏低(0.000<0.5)，环境路由可能正在坍缩（单机制 num_regimes=1 时熵恒为 0，可忽略）
EarlyStopping counter: 1 out of 5
Updating learning rate to 0.0001
>>>>>>>testing : causal_forecast_Exchange_96_336_iTransformer_customc_ftMS_sl96_ll48_pl336_dm512_nh8_el3_dl1_df2048_fc3_ebtimeF_dtTrue_Exp_s2021_K1_0<<<<<<<<<<<<<<<<<<<<<<<<<<<<<<<<<
test 1182
真实环境基准校验测试集维度形态: (1182, 1, 336, 1) (1182, 1, 336, 1)
真实试验验证最终成效评估 >> MSE: 0.4354933798313141, MAE: 0.5015420913696289
  [诊断·测试期] 归一化路由熵=0.000 | P_e=[1.] | projY_std(VICReg方差锚)=0.1478
