Args in experiment:
[1mBasic Config[0m
  Task Name:          causal_forecast     Is Training:        1                   
  Model ID:           ILI_36_36           Model:              iTransformer        

[1mData Loader[0m
  Data:               customc             Root Path:          ./dataset/illness/  
  Data Path:          national_illness.csvFeatures:           MS                  
  Target:             OT                  Freq:               h                   
  Checkpoints:        ./checkpoints/      

[1mModel Parameters[0m
  Top k:              5                   Num Kernels:        6                   
  Enc In:             7                   Dec In:             7                   
  C Out:              7                   d model:            512                 
  n heads:            8                   e layers:           3                   
  d layers:           1                   d FF:               2048                
  Moving Avg:         25                  Factor:             3                   
  Distil:             1                   Dropout:            0.1                 
  Embed:              timeF               Activation:         gelu                
  Output Attention:   0                   

[1mRun Parameters[0m
  Num Workers:        4                   Itr:                1                   
  Train Epochs:       11                  Batch Size:         32                  
  Patience:           5                   Learning Rate:      0.0001              
  Des:                Exp_s2046_K4        Loss:               MSE                 
  Lradj:              type3               Use Amp:            0                   

[1mGPU[0m
  Use GPU:            1                   GPU:                0                   
  Use Multi GPU:      0                   Devices:            0,1,2,3             

[1mDe-stationary Projector Params[0m
  P Hidden Dims:      128, 128            P Hidden Layers:    2                   

Use GPU: cuda:0
Exp Causal Forecast-Model: Dual Space Surrogate Wrapper v2_f (精简损失: loss_observed + loss_x_surrogate + 0.1*loss_align + 0.1*loss_suf)
>>>>>>>start training : causal_forecast_ILI_36_36_iTransformer_customc_ftMS_sl36_ll18_pl36_dm512_nh8_el3_dl1_df2048_fc3_ebtimeF_dtTrue_Exp_s2046_K4_0>>>>>>>>>>>>>>>>>>>>>>>>>>
train 605
val 62
test 158
Epoch: 1 耗时总长: 2.2119321823120117
Epoch: 1, Steps: 18 | 综合训练Loss: 0.8617852 | 验证集Loss: 0.1598057 | 测试集Loss: 0.9546899
  [诊断·分项损失] observed=0.27442 x_sur=0.28444 suf=1.15995 align=1.86929
  [诊断·路由] 批级使用率熵(epoch均值)=0.998 逐样本熵=0.943 | 激活机制数=4/4 | 平均使用率 P_e=[0.235 0.257 0.239 0.269]
    └─ 解读：批级高 + 逐样本低 = 健康特化(不同样本走不同机制)；两者都≈1 = 各样本均匀混合(环境条件化未特化)
  [诊断·Y代理] IRN残差std=1.0720 | projY_std(VICReg方差锚,目标1)=0.1171 | 闭环对齐MSE=0.1000
    └─ 解读：projY_std 应稳定≈1（坍缩<0.5→增大 --std_coeff）；IRN残差std≈O(1) 表示 Y 代理在学形状而非趋平凡。
Validation loss decreased (inf --> 0.954690).  Saving model ...
Updating learning rate to 0.0001
Epoch: 2 耗时总长: 1.5323405265808105
Epoch: 2, Steps: 18 | 综合训练Loss: 0.6585198 | 验证集Loss: 0.0962056 | 测试集Loss: 0.8356926
  [诊断·分项损失] observed=0.19666 x_sur=0.20062 suf=0.81253 align=1.79987
  [诊断·路由] 批级使用率熵(epoch均值)=0.998 逐样本熵=0.955 | 激活机制数=4/4 | 平均使用率 P_e=[0.237 0.256 0.241 0.266]
    └─ 解读：批级高 + 逐样本低 = 健康特化(不同样本走不同机制)；两者都≈1 = 各样本均匀混合(环境条件化未特化)
  [诊断·Y代理] IRN残差std=0.8983 | projY_std(VICReg方差锚,目标1)=0.1644 | 闭环对齐MSE=0.0896
    └─ 解读：projY_std 应稳定≈1（坍缩<0.5→增大 --std_coeff）；IRN残差std≈O(1) 表示 Y 代理在学形状而非趋平凡。
Validation loss decreased (0.954690 --> 0.835693).  Saving model ...
Updating learning rate to 0.0001
Epoch: 3 耗时总长: 2.512392044067383
Epoch: 3, Steps: 18 | 综合训练Loss: 0.5684424 | 验证集Loss: 0.0805612 | 测试集Loss: 0.7196458
  [诊断·分项损失] observed=0.14329 x_sur=0.19546 suf=0.56194 align=1.73502
  [诊断·路由] 批级使用率熵(epoch均值)=0.998 逐样本熵=0.952 | 激活机制数=4/4 | 平均使用率 P_e=[0.242 0.257 0.235 0.265]
    └─ 解读：批级高 + 逐样本低 = 健康特化(不同样本走不同机制)；两者都≈1 = 各样本均匀混合(环境条件化未特化)
  [诊断·Y代理] IRN残差std=0.7466 | projY_std(VICReg方差锚,目标1)=0.2290 | 闭环对齐MSE=0.1039
    └─ 解读：projY_std 应稳定≈1（坍缩<0.5→增大 --std_coeff）；IRN残差std≈O(1) 表示 Y 代理在学形状而非趋平凡。
Validation loss decreased (0.835693 --> 0.719646).  Saving model ...
Updating learning rate to 0.0001
Epoch: 4 耗时总长: 2.8209733963012695
Epoch: 4, Steps: 18 | 综合训练Loss: 0.5138764 | 验证集Loss: 0.0588344 | 测试集Loss: 0.6463832
  [诊断·分项损失] observed=0.11787 x_sur=0.18260 suf=0.44293 align=1.69115
  [诊断·路由] 批级使用率熵(epoch均值)=0.997 逐样本熵=0.945 | 激活机制数=4/4 | 平均使用率 P_e=[0.237 0.262 0.228 0.272]
    └─ 解读：批级高 + 逐样本低 = 健康特化(不同样本走不同机制)；两者都≈1 = 各样本均匀混合(环境条件化未特化)
  [诊断·Y代理] IRN残差std=0.6623 | projY_std(VICReg方差锚,目标1)=0.2760 | 闭环对齐MSE=0.1167
    └─ 解读：projY_std 应稳定≈1（坍缩<0.5→增大 --std_coeff）；IRN残差std≈O(1) 表示 Y 代理在学形状而非趋平凡。
Validation loss decreased (0.719646 --> 0.646383).  Saving model ...
Updating learning rate to 0.0001
Epoch: 5 耗时总长: 2.826970338821411
Epoch: 5, Steps: 18 | 综合训练Loss: 0.4721503 | 验证集Loss: 0.0574276 | 测试集Loss: 0.6714619
  [诊断·分项损失] observed=0.10304 x_sur=0.16463 suf=0.38545 align=1.65926
  [诊断·路由] 批级使用率熵(epoch均值)=0.997 逐样本熵=0.945 | 激活机制数=4/4 | 平均使用率 P_e=[0.235 0.262 0.226 0.277]
    └─ 解读：批级高 + 逐样本低 = 健康特化(不同样本走不同机制)；两者都≈1 = 各样本均匀混合(环境条件化未特化)
  [诊断·Y代理] IRN残差std=0.6194 | projY_std(VICReg方差锚,目标1)=0.2883 | 闭环对齐MSE=0.1159
    └─ 解读：projY_std 应稳定≈1（坍缩<0.5→增大 --std_coeff）；IRN残差std≈O(1) 表示 Y 代理在学形状而非趋平凡。
EarlyStopping counter: 1 out of 5
Updating learning rate to 0.0001
Epoch: 6 耗时总长: 3.6209306716918945
Epoch: 6, Steps: 18 | 综合训练Loss: 0.4542742 | 验证集Loss: 0.0521658 | 测试集Loss: 0.6372982
  [诊断·分项损失] observed=0.10009 x_sur=0.15421 suf=0.36111 align=1.63864
  [诊断·路由] 批级使用率熵(epoch均值)=0.995 逐样本熵=0.938 | 激活机制数=4/4 | 平均使用率 P_e=[0.232 0.261 0.223 0.284]
    └─ 解读：批级高 + 逐样本低 = 健康特化(不同样本走不同机制)；两者都≈1 = 各样本均匀混合(环境条件化未特化)
  [诊断·Y代理] IRN残差std=0.5995 | projY_std(VICReg方差锚,目标1)=0.2867 | 闭环对齐MSE=0.1156
    └─ 解读：projY_std 应稳定≈1（坍缩<0.5→增大 --std_coeff）；IRN残差std≈O(1) 表示 Y 代理在学形状而非趋平凡。
Validation loss decreased (0.646383 --> 0.637298).  Saving model ...
Updating learning rate to 0.0001
Epoch: 7 耗时总长: 3.30281400680542
Epoch: 7, Steps: 18 | 综合训练Loss: 0.4311498 | 验证集Loss: 0.0539052 | 测试集Loss: 0.6541473
  [诊断·分项损失] observed=0.09170 x_sur=0.14473 suf=0.32563 align=1.62161
  [诊断·路由] 批级使用率熵(epoch均值)=0.994 逐样本熵=0.931 | 激活机制数=4/4 | 平均使用率 P_e=[0.231 0.259 0.22  0.291]
    └─ 解读：批级高 + 逐样本低 = 健康特化(不同样本走不同机制)；两者都≈1 = 各样本均匀混合(环境条件化未特化)
  [诊断·Y代理] IRN残差std=0.5695 | projY_std(VICReg方差锚,目标1)=0.2962 | 闭环对齐MSE=0.1227
    └─ 解读：projY_std 应稳定≈1（坍缩<0.5→增大 --std_coeff）；IRN残差std≈O(1) 表示 Y 代理在学形状而非趋平凡。
EarlyStopping counter: 1 out of 5
Updating learning rate to 0.0001
Epoch: 8 耗时总长: 2.6967387199401855
Epoch: 8, Steps: 18 | 综合训练Loss: 0.4087147 | 验证集Loss: 0.0437076 | 测试集Loss: 0.6492792
  [诊断·分项损失] observed=0.08610 x_sur=0.13090 suf=0.30912 align=1.60802
  [诊断·路由] 批级使用率熵(epoch均值)=0.993 逐样本熵=0.929 | 激活机制数=4/4 | 平均使用率 P_e=[0.23  0.26  0.216 0.294]
    └─ 解读：批级高 + 逐样本低 = 健康特化(不同样本走不同机制)；两者都≈1 = 各样本均匀混合(环境条件化未特化)
  [诊断·Y代理] IRN残差std=0.5545 | projY_std(VICReg方差锚,目标1)=0.3013 | 闭环对齐MSE=0.1258
    └─ 解读：projY_std 应稳定≈1（坍缩<0.5→增大 --std_coeff）；IRN残差std≈O(1) 表示 Y 代理在学形状而非趋平凡。
EarlyStopping counter: 2 out of 5
Updating learning rate to 0.0001
Epoch: 9 耗时总长: 2.369387149810791
Epoch: 9, Steps: 18 | 综合训练Loss: 0.4021781 | 验证集Loss: 0.0509334 | 测试集Loss: 0.6659825
  [诊断·分项损失] observed=0.08460 x_sur=0.12810 suf=0.29627 align=1.59860
  [诊断·路由] 批级使用率熵(epoch均值)=0.992 逐样本熵=0.925 | 激活机制数=4/4 | 平均使用率 P_e=[0.23  0.261 0.213 0.296]
    └─ 解读：批级高 + 逐样本低 = 健康特化(不同样本走不同机制)；两者都≈1 = 各样本均匀混合(环境条件化未特化)
  [诊断·Y代理] IRN残差std=0.5426 | projY_std(VICReg方差锚,目标1)=0.3095 | 闭环对齐MSE=0.1255
    └─ 解读：projY_std 应稳定≈1（坍缩<0.5→增大 --std_coeff）；IRN残差std≈O(1) 表示 Y 代理在学形状而非趋平凡。
EarlyStopping counter: 3 out of 5
Updating learning rate to 0.0001
Epoch: 10 耗时总长: 2.1252732276916504
Epoch: 10, Steps: 18 | 综合训练Loss: 0.3862669 | 验证集Loss: 0.0596596 | 测试集Loss: 0.6049198
  [诊断·分项损失] observed=0.07949 x_sur=0.12010 suf=0.28125 align=1.58556
  [诊断·路由] 批级使用率熵(epoch均值)=0.991 逐样本熵=0.917 | 激活机制数=4/4 | 平均使用率 P_e=[0.23 0.26 0.21 0.3 ]
    └─ 解读：批级高 + 逐样本低 = 健康特化(不同样本走不同机制)；两者都≈1 = 各样本均匀混合(环境条件化未特化)
  [诊断·Y代理] IRN残差std=0.5298 | projY_std(VICReg方差锚,目标1)=0.3196 | 闭环对齐MSE=0.1288
    └─ 解读：projY_std 应稳定≈1（坍缩<0.5→增大 --std_coeff）；IRN残差std≈O(1) 表示 Y 代理在学形状而非趋平凡。
Validation loss decreased (0.637298 --> 0.604920).  Saving model ...
Updating learning rate to 0.0001
Epoch: 11 耗时总长: 2.660414457321167
Epoch: 11, Steps: 18 | 综合训练Loss: 0.3733078 | 验证集Loss: 0.0700200 | 测试集Loss: 0.6183333
  [诊断·分项损失] observed=0.07519 x_sur=0.11388 suf=0.26512 align=1.57726
  [诊断·路由] 批级使用率熵(epoch均值)=0.989 逐样本熵=0.913 | 激活机制数=4/4 | 平均使用率 P_e=[0.228 0.263 0.207 0.302]
    └─ 解读：批级高 + 逐样本低 = 健康特化(不同样本走不同机制)；两者都≈1 = 各样本均匀混合(环境条件化未特化)
  [诊断·Y代理] IRN残差std=0.5142 | projY_std(VICReg方差锚,目标1)=0.3195 | 闭环对齐MSE=0.1258
    └─ 解读：projY_std 应稳定≈1（坍缩<0.5→增大 --std_coeff）；IRN残差std≈O(1) 表示 Y 代理在学形状而非趋平凡。
EarlyStopping counter: 1 out of 5
Updating learning rate to 0.0001
>>>>>>>testing : causal_forecast_ILI_36_36_iTransformer_customc_ftMS_sl36_ll18_pl36_dm512_nh8_el3_dl1_df2048_fc3_ebtimeF_dtTrue_Exp_s2046_K4_0<<<<<<<<<<<<<<<<<<<<<<<<<<<<<<<<<
test 158
真实环境基准校验测试集维度形态: (158, 1, 36, 1) (158, 1, 36, 1)
真实试验验证最终成效评估 >> MSE: 0.6049197912216187, MAE: 0.5830458998680115
  [诊断·测试期] 归一化路由熵=0.834 | P_e=[0.333 0.212 0.152 0.303] | projY_std(VICReg方差锚)=0.2623
